<?xml version="1.0" encoding="UTF-8"?>
<testng-results skipped="0" failed="0" ignored="0" total="2" passed="2">
  <reporter-output>
  </reporter-output>
  <suite name="Suite" duration-ms="51" started-at="2019-06-04T11:01:59Z" finished-at="2019-06-04T11:01:59Z">
    <groups>
    </groups>
    <test name="Test" duration-ms="51" started-at="2019-06-04T11:01:59Z" finished-at="2019-06-04T11:01:59Z">
      <class name="test.testCompare">
        <test-method status="PASS" signature="JSONtest()[pri:0, instance:test.testCompare@6aaa5eb0]" name="JSONtest" duration-ms="6" started-at="2019-06-04T11:01:59Z" finished-at="2019-06-04T11:01:59Z">
          <reporter-output>
          </reporter-output>
        </test-method> <!-- JSONtest -->
        <test-method status="PASS" signature="XMLtest()[pri:0, instance:test.testCompare@6aaa5eb0]" name="XMLtest" duration-ms="23" started-at="2019-06-04T11:01:59Z" finished-at="2019-06-04T11:01:59Z">
          <reporter-output>
          </reporter-output>
        </test-method> <!-- XMLtest -->
      </class> <!-- test.testCompare -->
    </test> <!-- Test -->
  </suite> <!-- Suite -->
</testng-results>
