<?xml version="1.0" encoding="UTF-8"?>
<testng-results skipped="0" failed="0" ignored="0" total="2" passed="2">
  <reporter-output>
  </reporter-output>
  <suite name="Suite" duration-ms="396" started-at="2019-06-04T12:35:24Z" finished-at="2019-06-04T12:35:25Z">
    <groups>
    </groups>
    <test name="Test" duration-ms="396" started-at="2019-06-04T12:35:24Z" finished-at="2019-06-04T12:35:25Z">
      <class name="test.Testcompare">
        <test-method status="PASS" signature="jsonTest()[pri:0, instance:test.Testcompare@38082d64]" name="jsonTest" duration-ms="8" started-at="2019-06-04T12:35:24Z" finished-at="2019-06-04T12:35:24Z">
          <reporter-output>
          </reporter-output>
        </test-method> <!-- jsonTest -->
        <test-method status="PASS" signature="close()[pri:0, instance:test.Testcompare@38082d64]" name="close" is-config="true" duration-ms="275" started-at="2019-06-04T12:35:24Z" finished-at="2019-06-04T12:35:25Z">
          <reporter-output>
          </reporter-output>
        </test-method> <!-- close -->
        <test-method status="PASS" signature="xmlTest()[pri:0, instance:test.Testcompare@38082d64]" name="xmlTest" duration-ms="40" started-at="2019-06-04T12:35:25Z" finished-at="2019-06-04T12:35:25Z">
          <reporter-output>
          </reporter-output>
        </test-method> <!-- xmlTest -->
        <test-method status="PASS" signature="close()[pri:0, instance:test.Testcompare@38082d64]" name="close" is-config="true" duration-ms="49" started-at="2019-06-04T12:35:25Z" finished-at="2019-06-04T12:35:25Z">
          <reporter-output>
          </reporter-output>
        </test-method> <!-- close -->
      </class> <!-- test.Testcompare -->
    </test> <!-- Test -->
  </suite> <!-- Suite -->
</testng-results>
