<?xml version="1.0" encoding="UTF-8"?>
<testng-results skipped="0" failed="0" ignored="0" total="2" passed="2">
  <reporter-output>
  </reporter-output>
  <suite name="Default suite" duration-ms="86" started-at="2019-06-04T10:59:11Z" finished-at="2019-06-04T10:59:11Z">
    <groups>
    </groups>
    <test name="Default test" duration-ms="86" started-at="2019-06-04T10:59:11Z" finished-at="2019-06-04T10:59:11Z">
      <class name="test.testCompare">
        <test-method status="PASS" signature="JSONtest()[pri:0, instance:test.testCompare@91161c7]" name="JSONtest" duration-ms="8" started-at="2019-06-04T10:59:11Z" finished-at="2019-06-04T10:59:11Z">
          <reporter-output>
          </reporter-output>
        </test-method> <!-- JSONtest -->
        <test-method status="PASS" signature="XMLtest()[pri:0, instance:test.testCompare@91161c7]" name="XMLtest" duration-ms="53" started-at="2019-06-04T10:59:11Z" finished-at="2019-06-04T10:59:11Z">
          <reporter-output>
          </reporter-output>
        </test-method> <!-- XMLtest -->
      </class> <!-- test.testCompare -->
    </test> <!-- Default test -->
  </suite> <!-- Default suite -->
</testng-results>
